C:/Users/franc/Desktop/Esame_definitivoPEPPE/Esame_definitivo/controlli.h:86: warning: argument 'id' from the argument list of controllaDoppioCodice has multiple @param documentation sections
C:/Users/franc/Desktop/Esame_definitivoPEPPE/Esame_definitivo/controlli.h:86: warning: argument 'lista' from the argument list of controllaDoppioCodice has multiple @param documentation sections
C:/Users/franc/Desktop/Esame_definitivoPEPPE/Esame_definitivo/controlli.h:103: warning: argument 'str' from the argument list of controlloNumeroDivisori has multiple @param documentation sections
C:/Users/franc/Desktop/Esame_definitivoPEPPE/Esame_definitivo/controlli.h:95: warning: argument 'file' from the argument list of controlloRigheFile has multiple @param documentation sections
C:/Users/franc/Desktop/Esame_definitivoPEPPE/Esame_definitivo/controlli.h:29: warning: argument 'nomeFile' of command @param is not found in the argument list of formatoNomeFile(char *filename)
C:/Users/franc/Desktop/Esame_definitivoPEPPE/Esame_definitivo/controlli.h:37: warning: argument 'str' from the argument list of formatoStringa has multiple @param documentation sections
C:/Users/franc/Desktop/Esame_definitivoPEPPE/Esame_definitivo/controlli.h:69: warning: argument 'str' from the argument list of lunghezzaMassimaStringa has multiple @param documentation sections
C:/Users/franc/Desktop/Esame_definitivoPEPPE/Esame_definitivo/controlli.h:69: warning: argument 'massimo' from the argument list of lunghezzaMassimaStringa has multiple @param documentation sections
C:/Users/franc/Desktop/Esame_definitivoPEPPE/Esame_definitivo/controlli.h:61: warning: argument 'str' from the argument list of stringaSoloCaratteri has multiple @param documentation sections
C:/Users/franc/Desktop/Esame_definitivoPEPPE/Esame_definitivo/controlli.h:45: warning: argument 'str' from the argument list of stringaSoloNumeri has multiple @param documentation sections
C:/Users/franc/Desktop/Esame_definitivoPEPPE/Esame_definitivo/controlli.h:53: warning: argument 'str' from the argument list of stringaSoloNumeriODecimali has multiple @param documentation sections
C:/Users/franc/Desktop/Esame_definitivoPEPPE/Esame_definitivo/controlli.h:78: warning: argument 'str' from the argument list of stringaVuota has multiple @param documentation sections
C:/Users/franc/Desktop/Esame_definitivoPEPPE/Esame_definitivo/controlli.h:111: warning: argument 'record_line' from the argument list of validaRecordAnimale has multiple @param documentation sections
C:/Users/franc/Desktop/Esame_definitivoPEPPE/Esame_definitivo/controlli.h:111: warning: argument 'listaAnimali' from the argument list of validaRecordAnimale has multiple @param documentation sections
C:/Users/franc/Desktop/Esame_definitivoPEPPE/Esame_definitivo/dati.h:52: warning: argument 'id' from the argument list of creaAnimale has multiple @param documentation sections
C:/Users/franc/Desktop/Esame_definitivoPEPPE/Esame_definitivo/dati.h:52: warning: argument 'razza' from the argument list of creaAnimale has multiple @param documentation sections
C:/Users/franc/Desktop/Esame_definitivoPEPPE/Esame_definitivo/dati.h:52: warning: argument 'nome' from the argument list of creaAnimale has multiple @param documentation sections
C:/Users/franc/Desktop/Esame_definitivoPEPPE/Esame_definitivo/dati.h:52: warning: argument 'eta' from the argument list of creaAnimale has multiple @param documentation sections
C:/Users/franc/Desktop/Esame_definitivoPEPPE/Esame_definitivo/dati.h:52: warning: argument 'prezzo' from the argument list of creaAnimale has multiple @param documentation sections
C:/Users/franc/Desktop/Esame_definitivoPEPPE/Esame_definitivo/dati.h:180: warning: argument 'id' from the argument list of creaNegozio has multiple @param documentation sections
C:/Users/franc/Desktop/Esame_definitivoPEPPE/Esame_definitivo/dati.h:64: warning: argument 'a' from the argument list of distruggiAnimale has multiple @param documentation sections
C:/Users/franc/Desktop/Esame_definitivoPEPPE/Esame_definitivo/dati.h:141: warning: argument 'lista' from the argument list of distruggiListaAnimali has multiple @param documentation sections
C:/Users/franc/Desktop/Esame_definitivoPEPPE/Esame_definitivo/dati.h:189: warning: argument 'n' from the argument list of distruggiNegozio has multiple @param documentation sections
C:/Users/franc/Desktop/Esame_definitivoPEPPE/Esame_definitivo/dati.h:92: warning: argument 'a' from the argument list of getAnimaleEta has multiple @param documentation sections
C:/Users/franc/Desktop/Esame_definitivoPEPPE/Esame_definitivo/dati.h:71: warning: argument 'a' from the argument list of getAnimaleId has multiple @param documentation sections
C:/Users/franc/Desktop/Esame_definitivoPEPPE/Esame_definitivo/dati.h:85: warning: argument 'a' from the argument list of getAnimaleNome has multiple @param documentation sections
C:/Users/franc/Desktop/Esame_definitivoPEPPE/Esame_definitivo/dati.h:99: warning: argument 'a' from the argument list of getAnimalePrezzo has multiple @param documentation sections
C:/Users/franc/Desktop/Esame_definitivoPEPPE/Esame_definitivo/dati.h:78: warning: argument 'a' from the argument list of getAnimaleRazza has multiple @param documentation sections
C:/Users/franc/Desktop/Esame_definitivoPEPPE/Esame_definitivo/dati.h:203: warning: argument 'n' from the argument list of getInventarioNegozio has multiple @param documentation sections
C:/Users/franc/Desktop/Esame_definitivoPEPPE/Esame_definitivo/dati.h:196: warning: argument 'n' from the argument list of getNegozioId has multiple @param documentation sections
C:/Users/franc/Desktop/Esame_definitivoPEPPE/Esame_definitivo/dati.h:148: warning: argument 'lista' from the argument list of inserisciAnimaleInLista has multiple @param documentation sections
C:/Users/franc/Desktop/Esame_definitivoPEPPE/Esame_definitivo/dati.h:148: warning: argument 'nuovoAnimale' from the argument list of inserisciAnimaleInLista has multiple @param documentation sections
C:/Users/franc/Desktop/Esame_definitivoPEPPE/Esame_definitivo/dati.h:219: warning: argument 'topPtrNegozi' from the argument list of inserisciNegozioInListaGlobale has multiple @param documentation sections
C:/Users/franc/Desktop/Esame_definitivoPEPPE/Esame_definitivo/dati.h:219: warning: argument 'nuovoNegozio' from the argument list of inserisciNegozioInListaGlobale has multiple @param documentation sections
C:/Users/franc/Desktop/Esame_definitivoPEPPE/Esame_definitivo/dati.h:173: warning: argument 'lista' from the argument list of isListaAnimaliVuota has multiple @param documentation sections
C:/Users/franc/Desktop/Esame_definitivoPEPPE/Esame_definitivo/dati.c:700: warning: argument 'topPtrNegozi' from the argument list of liberaListaGlobaleNegozi has multiple @param documentation sections
C:/Users/franc/Desktop/Esame_definitivoPEPPE/Esame_definitivo/dati.h:158: warning: argument 'lista' from the argument list of ricercaAnimalePerIdInLista has multiple @param documentation sections
C:/Users/franc/Desktop/Esame_definitivoPEPPE/Esame_definitivo/dati.h:158: warning: argument 'id' from the argument list of ricercaAnimalePerIdInLista has multiple @param documentation sections
C:/Users/franc/Desktop/Esame_definitivoPEPPE/Esame_definitivo/dati.c:718: warning: argument 'topPtrNegozi' from the argument list of ricercaNegozioPerIdGlobale has multiple @param documentation sections
C:/Users/franc/Desktop/Esame_definitivoPEPPE/Esame_definitivo/dati.c:718: warning: argument 'id' from the argument list of ricercaNegozioPerIdGlobale has multiple @param documentation sections
C:/Users/franc/Desktop/Esame_definitivoPEPPE/Esame_definitivo/dati.h:250: warning: argument 'lista' from the argument list of scriviInventarioAnimaliSuFile has multiple @param documentation sections
C:/Users/franc/Desktop/Esame_definitivoPEPPE/Esame_definitivo/dati.h:250: warning: argument 'fileDiDestinazione' from the argument list of scriviInventarioAnimaliSuFile has multiple @param documentation sections
C:/Users/franc/Desktop/Esame_definitivoPEPPE/Esame_definitivo/dati.h:120: warning: argument 'a' from the argument list of setAnimaleEta has multiple @param documentation sections
C:/Users/franc/Desktop/Esame_definitivoPEPPE/Esame_definitivo/dati.h:120: warning: argument 'eta' from the argument list of setAnimaleEta has multiple @param documentation sections
C:/Users/franc/Desktop/Esame_definitivoPEPPE/Esame_definitivo/dati.h:113: warning: argument 'a' from the argument list of setAnimaleNome has multiple @param documentation sections
C:/Users/franc/Desktop/Esame_definitivoPEPPE/Esame_definitivo/dati.h:113: warning: argument 'nome' from the argument list of setAnimaleNome has multiple @param documentation sections
C:/Users/franc/Desktop/Esame_definitivoPEPPE/Esame_definitivo/dati.h:127: warning: argument 'a' from the argument list of setAnimalePrezzo has multiple @param documentation sections
C:/Users/franc/Desktop/Esame_definitivoPEPPE/Esame_definitivo/dati.h:127: warning: argument 'prezzo' from the argument list of setAnimalePrezzo has multiple @param documentation sections
C:/Users/franc/Desktop/Esame_definitivoPEPPE/Esame_definitivo/dati.h:106: warning: argument 'a' from the argument list of setAnimaleRazza has multiple @param documentation sections
C:/Users/franc/Desktop/Esame_definitivoPEPPE/Esame_definitivo/dati.h:106: warning: argument 'razza' from the argument list of setAnimaleRazza has multiple @param documentation sections
C:/Users/franc/Desktop/Esame_definitivoPEPPE/Esame_definitivo/dati.h:210: warning: argument 'n' from the argument list of setInventarioNegozio has multiple @param documentation sections
C:/Users/franc/Desktop/Esame_definitivoPEPPE/Esame_definitivo/dati.h:210: warning: argument 'inventario' from the argument list of setInventarioNegozio has multiple @param documentation sections
C:/Users/franc/Desktop/Esame_definitivoPEPPE/Esame_definitivo/dati.h:166: warning: argument 'lista' from the argument list of stampaListaAnimali has multiple @param documentation sections
C:/Users/franc/Desktop/Esame_definitivoPEPPE/Esame_definitivo/dati.h:228: warning: argument 'topPtrNegozi' from the argument list of stampaListaGlobaleNegozi has multiple @param documentation sections
C:/Users/franc/Desktop/Esame_definitivoPEPPE/Esame_definitivo/file.c:35: warning: argument 'nomeFile' from the argument list of apriFile has multiple @param documentation sections
C:/Users/franc/Desktop/Esame_definitivoPEPPE/Esame_definitivo/file.c:35: warning: argument 'mod' from the argument list of apriFile has multiple @param documentation sections
C:/Users/franc/Desktop/Esame_definitivoPEPPE/Esame_definitivo/file.h:39: warning: argument 'tokenizedStr' of command @param is not found in the argument list of estrazioneToken(char *rigaOriginale, unsigned int *tempId, char *tempRazza, char *tempNome, int *tempEta, float *tempPrezzo, const Lista *listaAnimaliDestinazione)
C:/Users/franc/Desktop/Esame_definitivoPEPPE/Esame_definitivo/file.h:39: warning: argument 'tempId' from the argument list of estrazioneToken has multiple @param documentation sections
C:/Users/franc/Desktop/Esame_definitivoPEPPE/Esame_definitivo/file.h:39: warning: argument 'tempRazza' from the argument list of estrazioneToken has multiple @param documentation sections
C:/Users/franc/Desktop/Esame_definitivoPEPPE/Esame_definitivo/file.h:39: warning: argument 'tempNome' from the argument list of estrazioneToken has multiple @param documentation sections
C:/Users/franc/Desktop/Esame_definitivoPEPPE/Esame_definitivo/file.h:39: warning: argument 'tempEta' from the argument list of estrazioneToken has multiple @param documentation sections
C:/Users/franc/Desktop/Esame_definitivoPEPPE/Esame_definitivo/file.h:39: warning: argument 'tempPrezzo' from the argument list of estrazioneToken has multiple @param documentation sections
C:/Users/franc/Desktop/Esame_definitivoPEPPE/Esame_definitivo/file.h:39: warning: argument 'listaAnimaliDestinazione' from the argument list of estrazioneToken has multiple @param documentation sections
C:/Users/franc/Desktop/Esame_definitivoPEPPE/Esame_definitivo/file.h:56: warning: argument 'nomeFile' from the argument list of letturaFile has multiple @param documentation sections
C:/Users/franc/Desktop/Esame_definitivoPEPPE/Esame_definitivo/file.h:56: warning: argument 'topPtrNegozi' from the argument list of letturaFile has multiple @param documentation sections
C:/Users/franc/Desktop/Esame_definitivoPEPPE/Esame_definitivo/file.h:66: warning: argument 'nomeFile' from the argument list of scritturaSingoloNegozioFile has multiple @param documentation sections
C:/Users/franc/Desktop/Esame_definitivoPEPPE/Esame_definitivo/file.h:66: warning: argument 'negozioPtr' from the argument list of scritturaSingoloNegozioFile has multiple @param documentation sections
C:/Users/franc/Desktop/Esame_definitivoPEPPE/Esame_definitivo/funzioni.h:25: warning: argument 'str1' from the argument list of criterioStringaPrecede has multiple @param documentation sections
C:/Users/franc/Desktop/Esame_definitivoPEPPE/Esame_definitivo/funzioni.h:25: warning: argument 'str2' from the argument list of criterioStringaPrecede has multiple @param documentation sections
C:/Users/franc/Desktop/Esame_definitivoPEPPE/Esame_definitivo/funzioni.h:34: warning: argument 'str1' from the argument list of criterioStringaSegue has multiple @param documentation sections
C:/Users/franc/Desktop/Esame_definitivoPEPPE/Esame_definitivo/funzioni.h:34: warning: argument 'str2' from the argument list of criterioStringaSegue has multiple @param documentation sections
C:/Users/franc/Desktop/Esame_definitivoPEPPE/Esame_definitivo/funzioni.h:44: warning: argument 'animale1' from the argument list of criterioUguaglianzaAnimale has multiple @param documentation sections
C:/Users/franc/Desktop/Esame_definitivoPEPPE/Esame_definitivo/funzioni.h:44: warning: argument 'animale2' from the argument list of criterioUguaglianzaAnimale has multiple @param documentation sections
C:/Users/franc/Desktop/Esame_definitivoPEPPE/Esame_definitivo/funzioni.h:54: warning: argument 'topPtrNegozi' from the argument list of funzionalitaAcquisizione has multiple @param documentation sections
C:/Users/franc/Desktop/Esame_definitivoPEPPE/Esame_definitivo/funzioni.h:72: warning: argument 'topPtrNegozi' from the argument list of funzionalitaOrdine has multiple @param documentation sections
C:/Users/franc/Desktop/Esame_definitivoPEPPE/Esame_definitivo/funzioni.h:64: warning: argument 'topPtrNegozi' from the argument list of funzionalitaUguaglianza has multiple @param documentation sections
C:/Users/franc/Desktop/Esame_definitivoPEPPE/Esame_definitivo/funzioni.h:100: warning: argument 'negozio1' from the argument list of ordinamentoNegozi has multiple @param documentation sections
C:/Users/franc/Desktop/Esame_definitivoPEPPE/Esame_definitivo/funzioni.h:100: warning: argument 'negozio2' from the argument list of ordinamentoNegozi has multiple @param documentation sections
C:/Users/franc/Desktop/Esame_definitivoPEPPE/Esame_definitivo/funzioni.h:89: warning: argument 'negozio1' from the argument list of uguaglianzaNegozi has multiple @param documentation sections
C:/Users/franc/Desktop/Esame_definitivoPEPPE/Esame_definitivo/funzioni.h:89: warning: argument 'negozio2' from the argument list of uguaglianzaNegozi has multiple @param documentation sections
C:/Users/franc/Desktop/Esame_definitivoPEPPE/Esame_definitivo/utils.c:41: warning: argument 'pausa' from the argument list of cleanConsole has multiple @param documentation sections
C:/Users/franc/Desktop/Esame_definitivoPEPPE/Esame_definitivo/utils.h:40: warning: argument 'buffer' from the argument list of inputUtente has multiple @param documentation sections
C:/Users/franc/Desktop/Esame_definitivoPEPPE/Esame_definitivo/utils.h:40: warning: argument 'maxChar' from the argument list of inputUtente has multiple @param documentation sections
C:/Users/franc/Desktop/Esame_definitivoPEPPE/Esame_definitivo/utils.h:30: warning: argument 'nomeFile' from the argument list of ottenereIdNegozioDaNome has multiple @param documentation sections
